2025-06-11 20:37:00 | DEBUG | repo=auction | action=test | passed=true
2025-01-20 09:23:00 | WARN | repo=auction | action=commit
2025-06-24 09:29:00 | WARN | repo=auction | action=pull
2025-11-09 20:51:00 | DEBUG | repo=auction | action=edit | files=5
2025-09-07 20:50:00 | INFO | repo=auction | action=commit
2025-03-17 16:17:00 | INFO | repo=auction | action=commit
2025-03-28 13:15:00 | WARN | repo=auction | action=commit
2025-08-20 11:00:00 | INFO | repo=auction | action=commit
2025-08-26 08:54:00 | INFO | repo=auction | action=commit
2025-09-19 20:06:00 | INFO | repo=auction | action=commit
2025-09-24 16:11:00 | DEBUG | repo=auction | action=commit
2025-08-24 12:14:00 | INFO | repo=auction | action=commit
2025-06-07 11:48:00 | WARN | repo=auction | action=commit
2025-06-28 09:08:00 | DEBUG | repo=auction | action=edit | files=4
2025-08-09 19:12:00 | DEBUG | repo=auction | action=commit
2025-11-13 07:49:00 | INFO | repo=auction | action=commit
2025-02-05 11:41:00 | WARN | repo=auction | action=test | passed=true
2025-11-14 18:24:00 | WARN | repo=auction | action=commit
2025-06-17 19:30:00 | WARN | repo=auction | action=commit
2025-09-02 21:34:00 | DEBUG | repo=auction | action=commit
2025-05-26 07:33:00 | INFO | repo=auction | action=commit
2025-11-02 08:37:00 | WARN | repo=auction | action=commit
2025-03-03 18:55:00 | DEBUG | repo=auction | action=commit
2025-04-22 11:05:00 | DEBUG | repo=auction | action=pull
2025-09-17 11:10:00 | WARN | repo=auction | action=commit
2025-04-14 14:38:00 | INFO | repo=auction | action=commit
2025-07-03 18:47:00 | DEBUG | repo=auction | action=commit
2025-08-25 10:49:00 | WARN | repo=auction | action=commit
2025-07-26 17:51:00 | INFO | repo=auction | action=commit
